{"timestamp":"2026-03-31T18:38:31.511Z","sessionId":"88f3df83-dee9-4fe3-8add-84898fe21243","playerMove":"PAPER","aiMove":"PAPER","outcome":"TIE","round":1}
{"timestamp":"2026-03-31T18:38:32.012Z","sessionId":"88f3df83-dee9-4fe3-8add-84898fe21243","playerMove":"SCISSORS","aiMove":"ROCK","outcome":"LOSE","round":1}
{"timestamp":"2026-03-31T18:38:32.739Z","sessionId":"88f3df83-dee9-4fe3-8add-84898fe21243","playerMove":"ROCK","aiMove":"PAPER","outcome":"LOSE","round":1}
{"timestamp":"2026-03-31T18:38:33.091Z","sessionId":"88f3df83-dee9-4fe3-8add-84898fe21243","playerMove":"PAPER","aiMove":"SCISSORS","outcome":"LOSE","round":1}
{"timestamp":"2026-03-31T18:38:33.407Z","sessionId":"88f3df83-dee9-4fe3-8add-84898fe21243","playerMove":"SCISSORS","aiMove":"ROCK","outcome":"LOSE","round":1}
{"timestamp":"2026-03-31T18:38:34.049Z","sessionId":"88f3df83-dee9-4fe3-8add-84898fe21243","playerMove":"ROCK","aiMove":"PAPER","outcome":"LOSE","round":1}
{"timestamp":"2026-03-31T18:38:34.899Z","sessionId":"88f3df83-dee9-4fe3-8add-84898fe21243","playerMove":"PAPER","aiMove":"SCISSORS","outcome":"LOSE","round":1}
{"timestamp":"2026-03-31T18:38:35.225Z","sessionId":"88f3df83-dee9-4fe3-8add-84898fe21243","playerMove":"ROCK","aiMove":"ROCK","outcome":"TIE","round":1}
{"timestamp":"2026-03-31T18:38:36.068Z","sessionId":"88f3df83-dee9-4fe3-8add-84898fe21243","playerMove":"ROCK","aiMove":"SCISSORS","outcome":"WIN","round":1}
{"timestamp":"2026-03-31T18:38:37.101Z","sessionId":"88f3df83-dee9-4fe3-8add-84898fe21243","playerMove":"SCISSORS","aiMove":"PAPER","outcome":"WIN","round":1}
{"timestamp":"2026-03-31T18:38:37.492Z","sessionId":"88f3df83-dee9-4fe3-8add-84898fe21243","playerMove":"PAPER","aiMove":"ROCK","outcome":"WIN","round":1}
{"timestamp":"2026-03-31T18:38:37.793Z","sessionId":"88f3df83-dee9-4fe3-8add-84898fe21243","playerMove":"SCISSORS","aiMove":"SCISSORS","outcome":"TIE","round":1}
{"timestamp":"2026-03-31T18:38:38.051Z","sessionId":"88f3df83-dee9-4fe3-8add-84898fe21243","playerMove":"PAPER","aiMove":"PAPER","outcome":"TIE","round":1}
{"timestamp":"2026-03-31T18:38:38.460Z","sessionId":"88f3df83-dee9-4fe3-8add-84898fe21243","playerMove":"ROCK","aiMove":"ROCK","outcome":"TIE","round":1}
{"timestamp":"2026-03-31T18:38:38.766Z","sessionId":"88f3df83-dee9-4fe3-8add-84898fe21243","playerMove":"PAPER","aiMove":"PAPER","outcome":"TIE","round":1}
{"timestamp":"2026-03-31T18:38:39.124Z","sessionId":"88f3df83-dee9-4fe3-8add-84898fe21243","playerMove":"ROCK","aiMove":"ROCK","outcome":"TIE","round":1}
{"timestamp":"2026-03-31T18:38:39.483Z","sessionId":"88f3df83-dee9-4fe3-8add-84898fe21243","playerMove":"PAPER","aiMove":"SCISSORS","outcome":"LOSE","round":1}
{"timestamp":"2026-03-31T18:38:39.816Z","sessionId":"88f3df83-dee9-4fe3-8add-84898fe21243","playerMove":"ROCK","aiMove":"ROCK","outcome":"TIE","round":1}
{"timestamp":"2026-03-31T18:38:40.271Z","sessionId":"88f3df83-dee9-4fe3-8add-84898fe21243","playerMove":"ROCK","aiMove":"SCISSORS","outcome":"WIN","round":1}
{"timestamp":"2026-03-31T18:38:40.686Z","sessionId":"88f3df83-dee9-4fe3-8add-84898fe21243","playerMove":"PAPER","aiMove":"ROCK","outcome":"WIN","round":1}
{"timestamp":"2026-03-31T18:38:41.160Z","sessionId":"88f3df83-dee9-4fe3-8add-84898fe21243","playerMove":"ROCK","aiMove":"ROCK","outcome":"TIE","round":1}
{"timestamp":"2026-03-31T18:38:41.582Z","sessionId":"88f3df83-dee9-4fe3-8add-84898fe21243","playerMove":"SCISSORS","aiMove":"SCISSORS","outcome":"TIE","round":1}
{"timestamp":"2026-03-31T18:38:41.957Z","sessionId":"88f3df83-dee9-4fe3-8add-84898fe21243","playerMove":"ROCK","aiMove":"SCISSORS","outcome":"WIN","round":1}
{"timestamp":"2026-03-31T18:38:42.317Z","sessionId":"88f3df83-dee9-4fe3-8add-84898fe21243","playerMove":"PAPER","aiMove":"ROCK","outcome":"WIN","round":1}
{"timestamp":"2026-03-31T18:38:42.658Z","sessionId":"88f3df83-dee9-4fe3-8add-84898fe21243","playerMove":"ROCK","aiMove":"PAPER","outcome":"LOSE","round":1}
{"timestamp":"2026-03-31T18:38:43.596Z","sessionId":"88f3df83-dee9-4fe3-8add-84898fe21243","playerMove":"SCISSORS","aiMove":"SCISSORS","outcome":"TIE","round":1}
{"timestamp":"2026-03-31T18:38:43.911Z","sessionId":"88f3df83-dee9-4fe3-8add-84898fe21243","playerMove":"PAPER","aiMove":"PAPER","outcome":"TIE","round":1}
{"timestamp":"2026-03-31T18:38:44.612Z","sessionId":"88f3df83-dee9-4fe3-8add-84898fe21243","playerMove":"SCISSORS","aiMove":"PAPER","outcome":"WIN","round":1}
{"timestamp":"2026-03-31T18:38:44.938Z","sessionId":"88f3df83-dee9-4fe3-8add-84898fe21243","playerMove":"PAPER","aiMove":"SCISSORS","outcome":"LOSE","round":1}
{"timestamp":"2026-03-31T18:38:45.336Z","sessionId":"88f3df83-dee9-4fe3-8add-84898fe21243","playerMove":"ROCK","aiMove":"PAPER","outcome":"LOSE","round":1}
{"timestamp":"2026-03-31T18:38:45.784Z","sessionId":"88f3df83-dee9-4fe3-8add-84898fe21243","playerMove":"SCISSORS","aiMove":"SCISSORS","outcome":"TIE","round":1}
{"timestamp":"2026-03-31T18:38:46.127Z","sessionId":"88f3df83-dee9-4fe3-8add-84898fe21243","playerMove":"PAPER","aiMove":"SCISSORS","outcome":"LOSE","round":1}
{"timestamp":"2026-03-31T18:38:46.515Z","sessionId":"88f3df83-dee9-4fe3-8add-84898fe21243","playerMove":"SCISSORS","aiMove":"PAPER","outcome":"WIN","round":1}
{"timestamp":"2026-03-31T18:38:46.860Z","sessionId":"88f3df83-dee9-4fe3-8add-84898fe21243","playerMove":"PAPER","aiMove":"SCISSORS","outcome":"LOSE","round":1}
{"timestamp":"2026-03-31T18:38:47.208Z","sessionId":"88f3df83-dee9-4fe3-8add-84898fe21243","playerMove":"ROCK","aiMove":"PAPER","outcome":"LOSE","round":1}
{"timestamp":"2026-03-31T18:38:47.566Z","sessionId":"88f3df83-dee9-4fe3-8add-84898fe21243","playerMove":"SCISSORS","aiMove":"SCISSORS","outcome":"TIE","round":1}
{"timestamp":"2026-03-31T18:38:47.968Z","sessionId":"88f3df83-dee9-4fe3-8add-84898fe21243","playerMove":"PAPER","aiMove":"SCISSORS","outcome":"LOSE","round":1}
{"timestamp":"2026-03-31T18:38:48.261Z","sessionId":"88f3df83-dee9-4fe3-8add-84898fe21243","playerMove":"SCISSORS","aiMove":"PAPER","outcome":"WIN","round":1}
{"timestamp":"2026-03-31T18:38:48.759Z","sessionId":"88f3df83-dee9-4fe3-8add-84898fe21243","playerMove":"PAPER","aiMove":"SCISSORS","outcome":"LOSE","round":1}
{"timestamp":"2026-03-31T18:38:49.242Z","sessionId":"88f3df83-dee9-4fe3-8add-84898fe21243","playerMove":"ROCK","aiMove":"PAPER","outcome":"LOSE","round":1}
{"timestamp":"2026-03-31T18:38:49.894Z","sessionId":"88f3df83-dee9-4fe3-8add-84898fe21243","playerMove":"PAPER","aiMove":"ROCK","outcome":"WIN","round":1}
{"timestamp":"2026-03-31T18:38:50.482Z","sessionId":"88f3df83-dee9-4fe3-8add-84898fe21243","playerMove":"PAPER","aiMove":"PAPER","outcome":"TIE","round":1}
{"timestamp":"2026-03-31T18:38:50.652Z","sessionId":"88f3df83-dee9-4fe3-8add-84898fe21243","playerMove":"PAPER","aiMove":"ROCK","outcome":"WIN","round":1}
{"timestamp":"2026-03-31T18:38:50.765Z","sessionId":"88f3df83-dee9-4fe3-8add-84898fe21243","playerMove":"PAPER","aiMove":"PAPER","outcome":"TIE","round":1}
{"timestamp":"2026-03-31T18:38:51.133Z","sessionId":"88f3df83-dee9-4fe3-8add-84898fe21243","playerMove":"SCISSORS","aiMove":"ROCK","outcome":"LOSE","round":1}
{"timestamp":"2026-03-31T18:38:51.483Z","sessionId":"88f3df83-dee9-4fe3-8add-84898fe21243","playerMove":"PAPER","aiMove":"PAPER","outcome":"TIE","round":1}
{"timestamp":"2026-03-31T18:38:51.793Z","sessionId":"88f3df83-dee9-4fe3-8add-84898fe21243","playerMove":"SCISSORS","aiMove":"ROCK","outcome":"LOSE","round":1}
{"timestamp":"2026-03-31T18:38:52.260Z","sessionId":"88f3df83-dee9-4fe3-8add-84898fe21243","playerMove":"ROCK","aiMove":"PAPER","outcome":"LOSE","round":1}
{"timestamp":"2026-03-31T18:38:52.689Z","sessionId":"88f3df83-dee9-4fe3-8add-84898fe21243","playerMove":"SCISSORS","aiMove":"SCISSORS","outcome":"TIE","round":1}
{"timestamp":"2026-03-31T18:38:52.972Z","sessionId":"88f3df83-dee9-4fe3-8add-84898fe21243","playerMove":"PAPER","aiMove":"SCISSORS","outcome":"LOSE","round":1}
{"timestamp":"2026-03-31T18:38:53.321Z","sessionId":"88f3df83-dee9-4fe3-8add-84898fe21243","playerMove":"SCISSORS","aiMove":"PAPER","outcome":"WIN","round":1}
{"timestamp":"2026-03-31T18:38:53.651Z","sessionId":"88f3df83-dee9-4fe3-8add-84898fe21243","playerMove":"ROCK","aiMove":"SCISSORS","outcome":"WIN","round":1}
{"timestamp":"2026-03-31T18:38:54.137Z","sessionId":"88f3df83-dee9-4fe3-8add-84898fe21243","playerMove":"SCISSORS","aiMove":"SCISSORS","outcome":"TIE","round":1}
{"timestamp":"2026-03-31T18:38:54.397Z","sessionId":"88f3df83-dee9-4fe3-8add-84898fe21243","playerMove":"PAPER","aiMove":"SCISSORS","outcome":"LOSE","round":1}
{"timestamp":"2026-03-31T18:38:55.311Z","sessionId":"88f3df83-dee9-4fe3-8add-84898fe21243","playerMove":"ROCK","aiMove":"PAPER","outcome":"LOSE","round":1}
{"timestamp":"2026-03-31T18:38:55.680Z","sessionId":"88f3df83-dee9-4fe3-8add-84898fe21243","playerMove":"PAPER","aiMove":"ROCK","outcome":"WIN","round":1}
{"timestamp":"2026-03-31T18:38:56.084Z","sessionId":"88f3df83-dee9-4fe3-8add-84898fe21243","playerMove":"ROCK","aiMove":"SCISSORS","outcome":"WIN","round":1}
{"timestamp":"2026-03-31T18:38:56.428Z","sessionId":"88f3df83-dee9-4fe3-8add-84898fe21243","playerMove":"SCISSORS","aiMove":"ROCK","outcome":"LOSE","round":1}
{"timestamp":"2026-03-31T18:38:56.792Z","sessionId":"88f3df83-dee9-4fe3-8add-84898fe21243","playerMove":"ROCK","aiMove":"PAPER","outcome":"LOSE","round":1}
{"timestamp":"2026-03-31T18:38:57.083Z","sessionId":"88f3df83-dee9-4fe3-8add-84898fe21243","playerMove":"PAPER","aiMove":"SCISSORS","outcome":"LOSE","round":1}
{"timestamp":"2026-03-31T18:38:57.440Z","sessionId":"88f3df83-dee9-4fe3-8add-84898fe21243","playerMove":"SCISSORS","aiMove":"PAPER","outcome":"WIN","round":1}
{"timestamp":"2026-03-31T18:38:57.809Z","sessionId":"88f3df83-dee9-4fe3-8add-84898fe21243","playerMove":"ROCK","aiMove":"SCISSORS","outcome":"WIN","round":1}
{"timestamp":"2026-03-31T18:38:58.149Z","sessionId":"88f3df83-dee9-4fe3-8add-84898fe21243","playerMove":"PAPER","aiMove":"ROCK","outcome":"WIN","round":1}
{"timestamp":"2026-03-31T18:38:58.593Z","sessionId":"88f3df83-dee9-4fe3-8add-84898fe21243","playerMove":"SCISSORS","aiMove":"PAPER","outcome":"WIN","round":1}
{"timestamp":"2026-03-31T18:38:58.890Z","sessionId":"88f3df83-dee9-4fe3-8add-84898fe21243","playerMove":"PAPER","aiMove":"SCISSORS","outcome":"LOSE","round":1}
{"timestamp":"2026-03-31T18:38:59.166Z","sessionId":"88f3df83-dee9-4fe3-8add-84898fe21243","playerMove":"ROCK","aiMove":"PAPER","outcome":"LOSE","round":1}
{"timestamp":"2026-03-31T18:38:59.520Z","sessionId":"88f3df83-dee9-4fe3-8add-84898fe21243","playerMove":"PAPER","aiMove":"SCISSORS","outcome":"LOSE","round":1}
{"timestamp":"2026-03-31T18:38:59.858Z","sessionId":"88f3df83-dee9-4fe3-8add-84898fe21243","playerMove":"ROCK","aiMove":"PAPER","outcome":"LOSE","round":1}
{"timestamp":"2026-03-31T18:39:00.215Z","sessionId":"88f3df83-dee9-4fe3-8add-84898fe21243","playerMove":"SCISSORS","aiMove":"SCISSORS","outcome":"TIE","round":1}
{"timestamp":"2026-03-31T18:39:00.985Z","sessionId":"88f3df83-dee9-4fe3-8add-84898fe21243","playerMove":"SCISSORS","aiMove":"SCISSORS","outcome":"TIE","round":1}
{"timestamp":"2026-03-31T18:39:01.384Z","sessionId":"88f3df83-dee9-4fe3-8add-84898fe21243","playerMove":"PAPER","aiMove":"SCISSORS","outcome":"LOSE","round":1}
{"timestamp":"2026-03-31T18:39:01.699Z","sessionId":"88f3df83-dee9-4fe3-8add-84898fe21243","playerMove":"ROCK","aiMove":"PAPER","outcome":"LOSE","round":1}
{"timestamp":"2026-03-31T18:39:02.029Z","sessionId":"88f3df83-dee9-4fe3-8add-84898fe21243","playerMove":"SCISSORS","aiMove":"SCISSORS","outcome":"TIE","round":1}
{"timestamp":"2026-03-31T18:39:02.309Z","sessionId":"88f3df83-dee9-4fe3-8add-84898fe21243","playerMove":"PAPER","aiMove":"SCISSORS","outcome":"LOSE","round":1}
{"timestamp":"2026-03-31T18:39:02.649Z","sessionId":"88f3df83-dee9-4fe3-8add-84898fe21243","playerMove":"SCISSORS","aiMove":"PAPER","outcome":"WIN","round":1}
{"timestamp":"2026-03-31T18:39:02.959Z","sessionId":"88f3df83-dee9-4fe3-8add-84898fe21243","playerMove":"PAPER","aiMove":"SCISSORS","outcome":"LOSE","round":1}
{"timestamp":"2026-03-31T18:39:03.585Z","sessionId":"88f3df83-dee9-4fe3-8add-84898fe21243","playerMove":"ROCK","aiMove":"PAPER","outcome":"LOSE","round":1}
{"timestamp":"2026-03-31T18:39:03.910Z","sessionId":"88f3df83-dee9-4fe3-8add-84898fe21243","playerMove":"PAPER","aiMove":"SCISSORS","outcome":"LOSE","round":1}
{"timestamp":"2026-03-31T18:39:04.224Z","sessionId":"88f3df83-dee9-4fe3-8add-84898fe21243","playerMove":"SCISSORS","aiMove":"PAPER","outcome":"WIN","round":1}
{"timestamp":"2026-03-31T18:39:04.485Z","sessionId":"88f3df83-dee9-4fe3-8add-84898fe21243","playerMove":"PAPER","aiMove":"SCISSORS","outcome":"LOSE","round":1}
{"timestamp":"2026-03-31T18:39:04.820Z","sessionId":"88f3df83-dee9-4fe3-8add-84898fe21243","playerMove":"ROCK","aiMove":"PAPER","outcome":"LOSE","round":1}
{"timestamp":"2026-03-31T18:39:05.135Z","sessionId":"88f3df83-dee9-4fe3-8add-84898fe21243","playerMove":"PAPER","aiMove":"SCISSORS","outcome":"LOSE","round":1}
{"timestamp":"2026-03-31T18:39:05.420Z","sessionId":"88f3df83-dee9-4fe3-8add-84898fe21243","playerMove":"SCISSORS","aiMove":"PAPER","outcome":"WIN","round":1}
{"timestamp":"2026-03-31T18:39:05.716Z","sessionId":"88f3df83-dee9-4fe3-8add-84898fe21243","playerMove":"PAPER","aiMove":"SCISSORS","outcome":"LOSE","round":1}
{"timestamp":"2026-03-31T18:39:06.040Z","sessionId":"88f3df83-dee9-4fe3-8add-84898fe21243","playerMove":"ROCK","aiMove":"PAPER","outcome":"LOSE","round":1}
{"timestamp":"2026-03-31T18:39:06.327Z","sessionId":"88f3df83-dee9-4fe3-8add-84898fe21243","playerMove":"ROCK","aiMove":"SCISSORS","outcome":"WIN","round":2}
{"timestamp":"2026-03-31T18:39:06.781Z","sessionId":"88f3df83-dee9-4fe3-8add-84898fe21243","playerMove":"PAPER","aiMove":"ROCK","outcome":"WIN","round":2}
{"timestamp":"2026-03-31T18:39:07.281Z","sessionId":"88f3df83-dee9-4fe3-8add-84898fe21243","playerMove":"SCISSORS","aiMove":"PAPER","outcome":"WIN","round":2}
{"timestamp":"2026-03-31T18:39:07.616Z","sessionId":"88f3df83-dee9-4fe3-8add-84898fe21243","playerMove":"PAPER","aiMove":"SCISSORS","outcome":"LOSE","round":2}
{"timestamp":"2026-03-31T18:39:07.910Z","sessionId":"88f3df83-dee9-4fe3-8add-84898fe21243","playerMove":"ROCK","aiMove":"PAPER","outcome":"LOSE","round":2}
{"timestamp":"2026-03-31T18:39:08.232Z","sessionId":"88f3df83-dee9-4fe3-8add-84898fe21243","playerMove":"PAPER","aiMove":"SCISSORS","outcome":"LOSE","round":2}
{"timestamp":"2026-03-31T18:39:09.064Z","sessionId":"88f3df83-dee9-4fe3-8add-84898fe21243","playerMove":"SCISSORS","aiMove":"PAPER","outcome":"WIN","round":2}
{"timestamp":"2026-03-31T18:39:09.437Z","sessionId":"88f3df83-dee9-4fe3-8add-84898fe21243","playerMove":"PAPER","aiMove":"SCISSORS","outcome":"LOSE","round":2}
{"timestamp":"2026-03-31T18:39:09.971Z","sessionId":"88f3df83-dee9-4fe3-8add-84898fe21243","playerMove":"SCISSORS","aiMove":"PAPER","outcome":"WIN","round":2}
{"timestamp":"2026-03-31T18:39:10.287Z","sessionId":"88f3df83-dee9-4fe3-8add-84898fe21243","playerMove":"PAPER","aiMove":"SCISSORS","outcome":"LOSE","round":2}
{"timestamp":"2026-03-31T18:39:10.677Z","sessionId":"88f3df83-dee9-4fe3-8add-84898fe21243","playerMove":"ROCK","aiMove":"PAPER","outcome":"LOSE","round":2}
{"timestamp":"2026-03-31T18:39:11.039Z","sessionId":"88f3df83-dee9-4fe3-8add-84898fe21243","playerMove":"PAPER","aiMove":"SCISSORS","outcome":"LOSE","round":2}
{"timestamp":"2026-03-31T18:39:11.425Z","sessionId":"88f3df83-dee9-4fe3-8add-84898fe21243","playerMove":"SCISSORS","aiMove":"PAPER","outcome":"WIN","round":2}
{"timestamp":"2026-03-31T18:39:12.465Z","sessionId":"88f3df83-dee9-4fe3-8add-84898fe21243","playerMove":"PAPER","aiMove":"SCISSORS","outcome":"LOSE","round":2}
{"timestamp":"2026-03-31T18:39:12.772Z","sessionId":"88f3df83-dee9-4fe3-8add-84898fe21243","playerMove":"SCISSORS","aiMove":"PAPER","outcome":"WIN","round":2}
{"timestamp":"2026-03-31T18:39:13.062Z","sessionId":"88f3df83-dee9-4fe3-8add-84898fe21243","playerMove":"PAPER","aiMove":"SCISSORS","outcome":"LOSE","round":2}
{"timestamp":"2026-03-31T18:39:13.480Z","sessionId":"88f3df83-dee9-4fe3-8add-84898fe21243","playerMove":"ROCK","aiMove":"PAPER","outcome":"LOSE","round":2}
{"timestamp":"2026-03-31T18:39:14.097Z","sessionId":"88f3df83-dee9-4fe3-8add-84898fe21243","playerMove":"ROCK","aiMove":"SCISSORS","outcome":"WIN","round":3}
{"timestamp":"2026-03-31T18:39:14.208Z","sessionId":"88f3df83-dee9-4fe3-8add-84898fe21243","playerMove":"ROCK","aiMove":"SCISSORS","outcome":"WIN","round":4}
{"timestamp":"2026-03-31T18:39:14.577Z","sessionId":"88f3df83-dee9-4fe3-8add-84898fe21243","playerMove":"PAPER","aiMove":"SCISSORS","outcome":"LOSE","round":4}
{"timestamp":"2026-03-31T18:39:14.897Z","sessionId":"88f3df83-dee9-4fe3-8add-84898fe21243","playerMove":"SCISSORS","aiMove":"PAPER","outcome":"WIN","round":4}
{"timestamp":"2026-03-31T18:39:15.232Z","sessionId":"88f3df83-dee9-4fe3-8add-84898fe21243","playerMove":"PAPER","aiMove":"SCISSORS","outcome":"LOSE","round":4}
{"timestamp":"2026-03-31T18:39:15.527Z","sessionId":"88f3df83-dee9-4fe3-8add-84898fe21243","playerMove":"SCISSORS","aiMove":"PAPER","outcome":"WIN","round":4}
{"timestamp":"2026-03-31T18:39:15.774Z","sessionId":"88f3df83-dee9-4fe3-8add-84898fe21243","playerMove":"PAPER","aiMove":"SCISSORS","outcome":"LOSE","round":4}
{"timestamp":"2026-03-31T18:39:15.953Z","sessionId":"88f3df83-dee9-4fe3-8add-84898fe21243","playerMove":"PAPER","aiMove":"ROCK","outcome":"WIN","round":4}
{"timestamp":"2026-03-31T18:39:16.417Z","sessionId":"88f3df83-dee9-4fe3-8add-84898fe21243","playerMove":"PAPER","aiMove":"PAPER","outcome":"TIE","round":4}
{"timestamp":"2026-03-31T18:39:16.549Z","sessionId":"88f3df83-dee9-4fe3-8add-84898fe21243","playerMove":"PAPER","aiMove":"ROCK","outcome":"WIN","round":4}
{"timestamp":"2026-03-31T18:39:16.897Z","sessionId":"88f3df83-dee9-4fe3-8add-84898fe21243","playerMove":"SCISSORS","aiMove":"SCISSORS","outcome":"TIE","round":4}
{"timestamp":"2026-03-31T18:39:17.425Z","sessionId":"88f3df83-dee9-4fe3-8add-84898fe21243","playerMove":"PAPER","aiMove":"SCISSORS","outcome":"LOSE","round":4}
{"timestamp":"2026-03-31T18:39:17.809Z","sessionId":"88f3df83-dee9-4fe3-8add-84898fe21243","playerMove":"SCISSORS","aiMove":"ROCK","outcome":"LOSE","round":4}
{"timestamp":"2026-03-31T18:39:18.110Z","sessionId":"88f3df83-dee9-4fe3-8add-84898fe21243","playerMove":"PAPER","aiMove":"PAPER","outcome":"TIE","round":4}
{"timestamp":"2026-03-31T18:39:18.856Z","sessionId":"88f3df83-dee9-4fe3-8add-84898fe21243","playerMove":"ROCK","aiMove":"ROCK","outcome":"TIE","round":4}
{"timestamp":"2026-03-31T18:39:18.986Z","sessionId":"88f3df83-dee9-4fe3-8add-84898fe21243","playerMove":"ROCK","aiMove":"SCISSORS","outcome":"WIN","round":4}
{"timestamp":"2026-03-31T18:39:19.084Z","sessionId":"88f3df83-dee9-4fe3-8add-84898fe21243","playerMove":"ROCK","aiMove":"SCISSORS","outcome":"WIN","round":5}
{"timestamp":"2026-03-31T18:39:19.420Z","sessionId":"88f3df83-dee9-4fe3-8add-84898fe21243","playerMove":"PAPER","aiMove":"SCISSORS","outcome":"LOSE","round":5}
{"timestamp":"2026-03-31T18:39:19.845Z","sessionId":"88f3df83-dee9-4fe3-8add-84898fe21243","playerMove":"SCISSORS","aiMove":"ROCK","outcome":"LOSE","round":5}
{"timestamp":"2026-03-31T18:39:20.057Z","sessionId":"88f3df83-dee9-4fe3-8add-84898fe21243","playerMove":"SCISSORS","aiMove":"PAPER","outcome":"WIN","round":5}
{"timestamp":"2026-03-31T18:39:20.500Z","sessionId":"88f3df83-dee9-4fe3-8add-84898fe21243","playerMove":"PAPER","aiMove":"SCISSORS","outcome":"LOSE","round":5}
{"timestamp":"2026-03-31T18:39:20.811Z","sessionId":"88f3df83-dee9-4fe3-8add-84898fe21243","playerMove":"SCISSORS","aiMove":"ROCK","outcome":"LOSE","round":5}
{"timestamp":"2026-03-31T18:39:21.061Z","sessionId":"88f3df83-dee9-4fe3-8add-84898fe21243","playerMove":"PAPER","aiMove":"PAPER","outcome":"TIE","round":5}
{"timestamp":"2026-03-31T18:39:21.459Z","sessionId":"88f3df83-dee9-4fe3-8add-84898fe21243","playerMove":"SCISSORS","aiMove":"ROCK","outcome":"LOSE","round":5}
{"timestamp":"2026-03-31T18:39:21.782Z","sessionId":"88f3df83-dee9-4fe3-8add-84898fe21243","playerMove":"ROCK","aiMove":"PAPER","outcome":"LOSE","round":5}
{"timestamp":"2026-03-31T18:39:27.064Z","sessionId":"88f3df83-dee9-4fe3-8add-84898fe21243","playerMove":"PAPER","aiMove":"SCISSORS","outcome":"LOSE","round":5}
{"timestamp":"2026-03-31T18:39:27.454Z","sessionId":"88f3df83-dee9-4fe3-8add-84898fe21243","playerMove":"ROCK","aiMove":"ROCK","outcome":"TIE","round":5}
{"timestamp":"2026-03-31T18:39:27.806Z","sessionId":"88f3df83-dee9-4fe3-8add-84898fe21243","playerMove":"SCISSORS","aiMove":"PAPER","outcome":"WIN","round":5}
{"timestamp":"2026-03-31T18:39:28.121Z","sessionId":"88f3df83-dee9-4fe3-8add-84898fe21243","playerMove":"PAPER","aiMove":"SCISSORS","outcome":"LOSE","round":5}
{"timestamp":"2026-03-31T18:39:28.461Z","sessionId":"88f3df83-dee9-4fe3-8add-84898fe21243","playerMove":"SCISSORS","aiMove":"ROCK","outcome":"LOSE","round":5}
{"timestamp":"2026-03-31T18:39:28.921Z","sessionId":"88f3df83-dee9-4fe3-8add-84898fe21243","playerMove":"PAPER","aiMove":"PAPER","outcome":"TIE","round":5}
{"timestamp":"2026-03-31T18:39:29.733Z","sessionId":"88f3df83-dee9-4fe3-8add-84898fe21243","playerMove":"ROCK","aiMove":"ROCK","outcome":"TIE","round":5}
{"timestamp":"2026-03-31T18:39:30.067Z","sessionId":"88f3df83-dee9-4fe3-8add-84898fe21243","playerMove":"PAPER","aiMove":"PAPER","outcome":"TIE","round":5}
{"timestamp":"2026-03-31T18:39:31.534Z","sessionId":"88f3df83-dee9-4fe3-8add-84898fe21243","playerMove":"SCISSORS","aiMove":"ROCK","outcome":"LOSE","round":5}
{"timestamp":"2026-03-31T18:39:31.786Z","sessionId":"88f3df83-dee9-4fe3-8add-84898fe21243","playerMove":"SCISSORS","aiMove":"PAPER","outcome":"WIN","round":5}
{"timestamp":"2026-03-31T18:39:32.460Z","sessionId":"88f3df83-dee9-4fe3-8add-84898fe21243","playerMove":"ROCK","aiMove":"SCISSORS","outcome":"WIN","round":5}
{"timestamp":"2026-03-31T18:39:33.002Z","sessionId":"88f3df83-dee9-4fe3-8add-84898fe21243","playerMove":"SCISSORS","aiMove":"SCISSORS","outcome":"TIE","round":5}
{"timestamp":"2026-03-31T18:39:33.316Z","sessionId":"88f3df83-dee9-4fe3-8add-84898fe21243","playerMove":"PAPER","aiMove":"SCISSORS","outcome":"LOSE","round":5}
{"timestamp":"2026-03-31T18:39:33.658Z","sessionId":"88f3df83-dee9-4fe3-8add-84898fe21243","playerMove":"SCISSORS","aiMove":"ROCK","outcome":"LOSE","round":5}
{"timestamp":"2026-03-31T18:39:34.041Z","sessionId":"88f3df83-dee9-4fe3-8add-84898fe21243","playerMove":"ROCK","aiMove":"PAPER","outcome":"LOSE","round":5}
{"timestamp":"2026-03-31T18:39:34.450Z","sessionId":"88f3df83-dee9-4fe3-8add-84898fe21243","playerMove":"SCISSORS","aiMove":"SCISSORS","outcome":"TIE","round":5}
{"timestamp":"2026-03-31T18:39:35.318Z","sessionId":"88f3df83-dee9-4fe3-8add-84898fe21243","playerMove":"ROCK","aiMove":"SCISSORS","outcome":"WIN","round":5}
{"timestamp":"2026-03-31T18:39:36.667Z","sessionId":"88f3df83-dee9-4fe3-8add-84898fe21243","playerMove":"PAPER","aiMove":"SCISSORS","outcome":"LOSE","round":5}
{"timestamp":"2026-03-31T18:39:37.876Z","sessionId":"88f3df83-dee9-4fe3-8add-84898fe21243","playerMove":"SCISSORS","aiMove":"ROCK","outcome":"LOSE","round":5}
{"timestamp":"2026-03-31T18:39:38.535Z","sessionId":"88f3df83-dee9-4fe3-8add-84898fe21243","playerMove":"ROCK","aiMove":"PAPER","outcome":"LOSE","round":5}
{"timestamp":"2026-03-31T18:39:39.104Z","sessionId":"88f3df83-dee9-4fe3-8add-84898fe21243","playerMove":"SCISSORS","aiMove":"SCISSORS","outcome":"TIE","round":5}
{"timestamp":"2026-03-31T18:39:39.432Z","sessionId":"88f3df83-dee9-4fe3-8add-84898fe21243","playerMove":"PAPER","aiMove":"SCISSORS","outcome":"LOSE","round":5}
{"timestamp":"2026-03-31T18:39:40.884Z","sessionId":"88f3df83-dee9-4fe3-8add-84898fe21243","playerMove":"ROCK","aiMove":"ROCK","outcome":"TIE","round":5}
{"timestamp":"2026-03-31T18:39:41.625Z","sessionId":"88f3df83-dee9-4fe3-8add-84898fe21243","playerMove":"PAPER","aiMove":"SCISSORS","outcome":"LOSE","round":5}
{"timestamp":"2026-03-31T18:39:42.265Z","sessionId":"88f3df83-dee9-4fe3-8add-84898fe21243","playerMove":"PAPER","aiMove":"ROCK","outcome":"WIN","round":5}
{"timestamp":"2026-03-31T18:39:42.544Z","sessionId":"88f3df83-dee9-4fe3-8add-84898fe21243","playerMove":"SCISSORS","aiMove":"ROCK","outcome":"LOSE","round":5}
{"timestamp":"2026-03-31T18:39:43.165Z","sessionId":"88f3df83-dee9-4fe3-8add-84898fe21243","playerMove":"ROCK","aiMove":"PAPER","outcome":"LOSE","round":5}
{"timestamp":"2026-03-31T18:42:33.174Z","sessionId":"88f3df83-dee9-4fe3-8add-84898fe21243","playerMove":"ROCK","aiMove":"SCISSORS","outcome":"WIN","round":5}
{"timestamp":"2026-03-31T18:42:33.571Z","sessionId":"88f3df83-dee9-4fe3-8add-84898fe21243","playerMove":"PAPER","aiMove":"SCISSORS","outcome":"LOSE","round":5}
{"timestamp":"2026-03-31T18:42:33.952Z","sessionId":"88f3df83-dee9-4fe3-8add-84898fe21243","playerMove":"ROCK","aiMove":"ROCK","outcome":"TIE","round":5}
{"timestamp":"2026-03-31T18:42:34.443Z","sessionId":"88f3df83-dee9-4fe3-8add-84898fe21243","playerMove":"SCISSORS","aiMove":"SCISSORS","outcome":"TIE","round":5}
{"timestamp":"2026-03-31T18:42:34.784Z","sessionId":"88f3df83-dee9-4fe3-8add-84898fe21243","playerMove":"PAPER","aiMove":"SCISSORS","outcome":"LOSE","round":5}
{"timestamp":"2026-03-31T18:42:35.135Z","sessionId":"88f3df83-dee9-4fe3-8add-84898fe21243","playerMove":"SCISSORS","aiMove":"ROCK","outcome":"LOSE","round":5}
{"timestamp":"2026-03-31T18:42:35.601Z","sessionId":"88f3df83-dee9-4fe3-8add-84898fe21243","playerMove":"ROCK","aiMove":"PAPER","outcome":"LOSE","round":5}
{"timestamp":"2026-03-31T18:42:35.961Z","sessionId":"88f3df83-dee9-4fe3-8add-84898fe21243","playerMove":"PAPER","aiMove":"SCISSORS","outcome":"LOSE","round":5}
{"timestamp":"2026-03-31T18:42:36.372Z","sessionId":"88f3df83-dee9-4fe3-8add-84898fe21243","playerMove":"ROCK","aiMove":"ROCK","outcome":"TIE","round":5}
{"timestamp":"2026-03-31T18:42:37.327Z","sessionId":"88f3df83-dee9-4fe3-8add-84898fe21243","playerMove":"SCISSORS","aiMove":"SCISSORS","outcome":"TIE","round":5}
{"timestamp":"2026-03-31T18:42:37.788Z","sessionId":"88f3df83-dee9-4fe3-8add-84898fe21243","playerMove":"PAPER","aiMove":"SCISSORS","outcome":"LOSE","round":5}
{"timestamp":"2026-03-31T18:42:38.343Z","sessionId":"88f3df83-dee9-4fe3-8add-84898fe21243","playerMove":"SCISSORS","aiMove":"ROCK","outcome":"LOSE","round":5}
{"timestamp":"2026-03-31T18:42:38.922Z","sessionId":"88f3df83-dee9-4fe3-8add-84898fe21243","playerMove":"ROCK","aiMove":"PAPER","outcome":"LOSE","round":5}
{"timestamp":"2026-03-31T18:42:39.420Z","sessionId":"88f3df83-dee9-4fe3-8add-84898fe21243","playerMove":"PAPER","aiMove":"SCISSORS","outcome":"LOSE","round":5}
{"timestamp":"2026-03-31T18:42:40.015Z","sessionId":"88f3df83-dee9-4fe3-8add-84898fe21243","playerMove":"SCISSORS","aiMove":"ROCK","outcome":"LOSE","round":5}
{"timestamp":"2026-03-31T18:42:52.614Z","sessionId":"88f3df83-dee9-4fe3-8add-84898fe21243","playerMove":"ROCK","aiMove":"PAPER","outcome":"LOSE","round":5}
{"timestamp":"2026-03-31T18:42:59.971Z","sessionId":"88f3df83-dee9-4fe3-8add-84898fe21243","playerMove":"PAPER","aiMove":"SCISSORS","outcome":"LOSE","round":5}
{"timestamp":"2026-03-31T18:43:01.336Z","sessionId":"88f3df83-dee9-4fe3-8add-84898fe21243","playerMove":"SCISSORS","aiMove":"ROCK","outcome":"LOSE","round":5}
{"timestamp":"2026-03-31T18:43:02.163Z","sessionId":"88f3df83-dee9-4fe3-8add-84898fe21243","playerMove":"PAPER","aiMove":"PAPER","outcome":"TIE","round":5}
{"timestamp":"2026-03-31T18:43:02.534Z","sessionId":"88f3df83-dee9-4fe3-8add-84898fe21243","playerMove":"SCISSORS","aiMove":"ROCK","outcome":"LOSE","round":5}
{"timestamp":"2026-03-31T18:43:03.042Z","sessionId":"88f3df83-dee9-4fe3-8add-84898fe21243","playerMove":"ROCK","aiMove":"PAPER","outcome":"LOSE","round":5}
{"timestamp":"2026-03-31T18:43:03.514Z","sessionId":"88f3df83-dee9-4fe3-8add-84898fe21243","playerMove":"PAPER","aiMove":"SCISSORS","outcome":"LOSE","round":5}
{"timestamp":"2026-03-31T18:43:05.124Z","sessionId":"88f3df83-dee9-4fe3-8add-84898fe21243","playerMove":"SCISSORS","aiMove":"ROCK","outcome":"LOSE","round":5}
